#
# A fatal error has been detected by the Java Runtime Environment:
#
#  EXCEPTION_ACCESS_VIOLATION (0xc0000005) at pc=0x6d32aa4a, pid=16200, tid=25760
#
# JRE version: Java(TM) SE Runtime Environment (8.0_66-b18) (build 1.8.0_66-b18)
# Java VM: Java HotSpot(TM) Client VM (25.66-b18 mixed mode windows-x86 )
# Problematic frame:
# V  [jvm.dll+0xcaa4a]
#
# Failed to write core dump. Minidumps are not enabled by default on client versions of Windows
#
# If you would like to submit a bug report, please visit:
#   http://bugreport.java.com/bugreport/crash.jsp
#

---------------  T H R E A D  ---------------

Current thread (0x1319c400):  JavaThread "JDWP Transport Listener: dt_socket" daemon [_thread_in_vm, id=25760, stack(0x135e0000,0x13630000)]

siginfo: ExceptionCode=0xc0000005, reading address 0xa7563489

Registers:
EAX=0xa7563481, EBX=0x00000000, ECX=0x131d6d24, EDX=0x00000000
ESP=0x1362f948, EBP=0x1362f94c, ESI=0x02c9ac10, EDI=0x00875638
EIP=0x6d32aa4a, EFLAGS=0x00010212

Top of Stack: (sp=0x1362f948)
0x1362f948:   1319c400 1362f974 6d487914 131d6d24
0x1362f958:   1362fa2c 1362f9af 1319c400 00000000
0x1362f968:   00000000 00000000 1319c400 1362f9b0
0x1362f978:   6dcb9f80 00875638 131d6d24 1362f9af
0x1362f988:   131d6d24 6dca436d 131d6d24 1362f9af
0x1362f998:   00000013 00000000 00000000 f000100a
0x1362f9a8:   00000000 01265438 1362f9d0 6dca44e0
0x1362f9b8:   00000001 1362f9ec 1362fa28 1323a6e0 

Instructions: (pc=0x6d32aa4a)
0x6d32aa2a:   cc cc cc cc cc cc 55 8b ec 8b 45 08 85 c0 75 02
0x6d32aa3a:   5d c3 56 8b 30 85 f6 74 17 83 fe 37 74 12 8b 06
0x6d32aa4a:   8b 50 08 8b ce ff d2 84 c0 74 05 8b c6 5e 5d c3
0x6d32aa5a:   33 c0 5e 5d c3 cc 55 8b ec 8b 45 08 8b 40 20 8b 


Register to memory mapping:

EAX=0xa7563481 is an unknown value
EBX=0x00000000 is an unknown value
ECX=0x131d6d24 is an unknown value
EDX=0x00000000 is an unknown value
ESP=0x1362f948 is pointing into the stack for thread: 0x1319c400
EBP=0x1362f94c is pointing into the stack for thread: 0x1319c400
ESI=
[error occurred during error reporting (printing register info), id 0xc0000005]

Stack: [0x135e0000,0x13630000],  sp=0x1362f948,  free space=318k
Native frames: (J=compiled Java code, j=interpreted, Vv=VM code, C=native code)
V  [jvm.dll+0xcaa4a]
V  [jvm.dll+0x227914]
C  [jdwp.dll+0x19f80]
C  [jdwp.dll+0x44e0]
C  [jdwp.dll+0x451e]
C  0x706f702f


---------------  P R O C E S S  ---------------

Java Threads: ( => current thread )
  0x131b2400 JavaThread "Service Thread" daemon [_thread_blocked, id=28192, stack(0x13720000,0x13770000)]
  0x131b1000 JavaThread "C1 CompilerThread0" daemon [_thread_blocked, id=26796, stack(0x136d0000,0x13720000)]
  0x131a5400 JavaThread "JDWP Command Reader" daemon [_thread_in_native, id=28152, stack(0x13680000,0x136d0000)]
  0x1319e400 JavaThread "JDWP Event Helper Thread" daemon [_thread_blocked, id=28400, stack(0x13630000,0x13680000)]
=>0x1319c400 JavaThread "JDWP Transport Listener: dt_socket" daemon [_thread_in_vm, id=25760, stack(0x135e0000,0x13630000)]
  0x1318c000 JavaThread "Attach Listener" daemon [_thread_blocked, id=27412, stack(0x13400000,0x13450000)]
  0x1318b000 JavaThread "Signal Dispatcher" daemon [_thread_blocked, id=25592, stack(0x133b0000,0x13400000)]
  0x02b5fc00 JavaThread "Finalizer" daemon [_thread_blocked, id=28332, stack(0x13360000,0x133b0000)]
  0x02b5ac00 JavaThread "Reference Handler" daemon [_thread_blocked, id=28228, stack(0x13110000,0x13160000)]
  0x0087a000 JavaThread "main" [_thread_blocked, id=28364, stack(0x00960000,0x009b0000)]

Other Threads:
  0x02b57800 VMThread [stack: 0x130c0000,0x13110000] [id=28336]
  0x13231c00 WatcherThread [stack: 0x13770000,0x137c0000] [id=27324]

VM state:not at safepoint (normal execution)

VM Mutex/Monitor currently owned by a thread: None

Heap:
 def new generation   total 4928K, used 2602K [0x02c00000, 0x03150000, 0x08150000)
  eden space 4416K,  58% used [0x02c00000, 0x02e8a800, 0x03050000)
  from space 512K,   0% used [0x03050000, 0x03050000, 0x030d0000)
  to   space 512K,   0% used [0x030d0000, 0x030d0000, 0x03150000)
 tenured generation   total 10944K, used 0K [0x08150000, 0x08c00000, 0x12c00000)
   the space 10944K,   0% used [0x08150000, 0x08150000, 0x08150200, 0x08c00000)
 Metaspace       used 2601K, capacity 2761K, committed 2880K, reserved 4480K

Card table byte_map: [0x02b60000,0x02bf0000] byte_map_base: 0x02b4a000

Polling page: 0x009b0000

CodeCache: size=32768Kb used=729Kb max_used=729Kb free=32038Kb
 bounds [0x009e0000, 0x00a98000, 0x029e0000]
 total_blobs=238 nmethods=102 adapters=75
 compilation: enabled

Compilation events (10 events):
Event: 0.332 Thread 0x131b1000   97             java.lang.AbstractStringBuilder::append (50 bytes)
Event: 0.332 Thread 0x131b1000 nmethod 97 0x00a94c48 code [0x00a94d60, 0x00a94ea4]
Event: 0.332 Thread 0x131b1000   98             java.lang.invoke.MethodType::checkPtypes (61 bytes)
Event: 0.332 Thread 0x131b1000 nmethod 98 0x00a95008 code [0x00a95180, 0x00a95548]
Event: 2.398 Thread 0x131b1000  100             java.util.Objects::requireNonNull (14 bytes)
Event: 2.398 Thread 0x131b1000 nmethod 100 0x00a95e88 code [0x00a95f90, 0x00a9607c]
Event: 3.026 Thread 0x131b1000  101             java.lang.StringBuilder::append (8 bytes)
Event: 3.026 Thread 0x131b1000 nmethod 101 0x00a96108 code [0x00a96200, 0x00a9629c]
Event: 4.423 Thread 0x131b1000  102             java.lang.Object::equals (11 bytes)
Event: 4.423 Thread 0x131b1000 nmethod 102 0x00a96308 code [0x00a96400, 0x00a96490]

GC Heap History (0 events):
No events

Deoptimization events (0 events):
No events

Internal exceptions (4 events):
Event: 0.053 Thread 0x0087a000 Exception <a 'java/lang/NoSuchMethodError': Method sun.misc.Unsafe.defineClass(Ljava/lang/String;[BII)Ljava/lang/Class; name or signature does not match> (0x02c109f0) thrown at [C:\re\workspace\8-2-build-windows-i586-cygwin\jdk8u66\5298\hotspot\src\share\v–ã¸ïß´?
Event: 0.053 Thread 0x0087a000 Exception <a 'java/lang/NoSuchMethodError': Method sun.misc.Unsafe.prefetchRead(Ljava/lang/Object;J)V name or signature does not match> (0x02c10cc0) thrown at [C:\re\workspace\8-2-build-windows-i586-cygwin\jdk8u66\5298\hotspot\src\share\vm\prims\jni.cpp, lêÉ‚#ó”?
Event: 0.306 Thread 0x0087a000 Exception <a 'java/lang/NoSuchFieldError': method resolution failed> (0x02d94888) thrown at [C:\re\workspace\8-2-build-windows-i586-cygwin\jdk8u66\5298\hotspot\src\share\vm\prims\methodHandles.cpp, line 1146]
Event: 0.310 Thread 0x0087a000 Exception <a 'java/lang/NoSuchFieldError': method resolution failed> (0x02da0a48) thrown at [C:\re\workspace\8-2-build-windows-i586-cygwin\jdk8u66\5298\hotspot\src\share\vm\prims\methodHandles.cpp, line 1146]

Events (10 events):
Event: 204.347 Executing VM operation: GetCurrentLocation
Event: 204.347 Executing VM operation: GetCurrentLocation done
Event: 204.347 Executing VM operation: EnterInterpOnlyMode
Event: 204.347 Executing VM operation: EnterInterpOnlyMode done
Event: 204.347 Executing VM operation: ChangeSingleStep
Event: 204.347 Executing VM operation: ChangeSingleStep done
Event: 204.348 Executing VM operation: ChangeSingleStep
Event: 204.348 Executing VM operation: ChangeSingleStep done
Event: 204.375 Executing VM operation: RedefineClasses
Event: 204.382 Executing VM operation: RedefineClasses done


Dynamic libraries:
0x00400000 - 0x00433000 	D:\Java\jdk1.8.0_66\bin\javaw.exe
0x7c920000 - 0x7c9b6000 	C:\WINDOWS\system32\ntdll.dll
0x7c800000 - 0x7c91e000 	C:\WINDOWS\system32\kernel32.dll
0x77da0000 - 0x77e49000 	C:\WINDOWS\system32\ADVAPI32.dll
0x77e50000 - 0x77ee3000 	C:\WINDOWS\system32\RPCRT4.dll
0x77fc0000 - 0x77fd1000 	C:\WINDOWS\system32\Secur32.dll
0x77d10000 - 0x77da0000 	C:\WINDOWS\system32\USER32.dll
0x77ef0000 - 0x77f39000 	C:\WINDOWS\system32\GDI32.dll
0x77180000 - 0x77283000 	C:\WINDOWS\WinSxS\x86_Microsoft.Windows.Common-Controls_6595b64144ccf1df_6.0.2600.6028_x-ww_61e65202\COMCTL32.dll
0x77be0000 - 0x77c38000 	C:\WINDOWS\system32\msvcrt.dll
0x77f40000 - 0x77fb6000 	C:\WINDOWS\system32\SHLWAPI.dll
0x76300000 - 0x7631d000 	C:\WINDOWS\system32\IMM32.DLL
0x62c20000 - 0x62c29000 	C:\WINDOWS\system32\LPK.DLL
0x73fa0000 - 0x7400b000 	C:\WINDOWS\system32\USP10.dll
0x78aa0000 - 0x78b5f000 	D:\Java\jdk1.8.0_66\jre\bin\msvcr100.dll
0x6d260000 - 0x6d625000 	D:\Java\jdk1.8.0_66\jre\bin\client\jvm.dll
0x71a40000 - 0x71a4b000 	C:\WINDOWS\system32\WSOCK32.dll
0x71a20000 - 0x71a37000 	C:\WINDOWS\system32\WS2_32.dll
0x71a10000 - 0x71a18000 	C:\WINDOWS\system32\WS2HELP.dll
0x76b10000 - 0x76b3a000 	C:\WINDOWS\system32\WINMM.dll
0x77bd0000 - 0x77bd8000 	C:\WINDOWS\system32\VERSION.dll
0x76bc0000 - 0x76bcb000 	C:\WINDOWS\system32\PSAPI.DLL
0x707d0000 - 0x707dc000 	D:\Java\jdk1.8.0_66\jre\bin\verify.dll
0x6db10000 - 0x6db31000 	D:\Java\jdk1.8.0_66\jre\bin\java.dll
0x6dca0000 - 0x6dcc9000 	D:\Java\jdk1.8.0_66\jre\bin\jdwp.dll
0x6ffb0000 - 0x6ffb7000 	D:\Java\jdk1.8.0_66\jre\bin\npt.dll
0x70860000 - 0x70873000 	D:\Java\jdk1.8.0_66\jre\bin\zip.dll
0x7d590000 - 0x7dd84000 	C:\WINDOWS\system32\SHELL32.dll
0x759d0000 - 0x75a7f000 	C:\WINDOWS\system32\USERENV.dll
0x6d8b0000 - 0x6d8b8000 	D:\Java\jdk1.8.0_66\jre\bin\dt_socket.dll
0x719c0000 - 0x719fe000 	C:\WINDOWS\System32\mswsock.dll
0x76ef0000 - 0x76f17000 	C:\WINDOWS\system32\DNSAPI.dll
0x76d30000 - 0x76d48000 	C:\WINDOWS\system32\iphlpapi.dll
0x76f80000 - 0x76f88000 	C:\WINDOWS\System32\winrnr.dll
0x76f30000 - 0x76f5c000 	C:\WINDOWS\system32\WLDAP32.dll
0x64000000 - 0x64021000 	C:\Program Files\Bonjour\mdnsNSP.dll
0x76f90000 - 0x76f96000 	C:\WINDOWS\system32\rasadhlp.dll
0x134d0000 - 0x1350c000 	d:\Program Files\YouKu\YoukuClient\ikutm.dll
0x76990000 - 0x76ace000 	C:\WINDOWS\system32\ole32.dll
0x13530000 - 0x1356e000 	d:\Program Files\YouKu\YoukuClient\ikutmco.dll
0x60fd0000 - 0x61025000 	C:\WINDOWS\system32\hnetcfg.dll
0x71a00000 - 0x71a08000 	C:\WINDOWS\System32\wshtcpip.dll
0x68d60000 - 0x68e01000 	C:\WINDOWS\system32\dbghelp.dll

VM Arguments:
jvm_args: -agentlib:jdwp=transport=dt_socket,suspend=y,address=localhost:2539 -Dfile.encoding=GBK 
java_command: com.df.popstar.Client
java_class_path (initial): D:\git\PopStarGame1.0\bin
Launcher Type: SUN_STANDARD

Environment Variables:
JAVA_HOME=D:\Java\jdk1.7.0_79
PATH=D:\Java\jdk1.8.0_66\jre\bin;D:/Java/jdk1.7.0_79/bin/../jre/bin/client;D:/Java/jdk1.7.0_79/bin/../jre/bin;D:/Java/jdk1.7.0_79/bin/../jre/lib/i386;E:\Tomcat\apache-ant-1.9.7\bin;E:\Tomcat\apache-tomcat-7.0.67\bin;E:\apache-maven-3.3.9\bin;D:\Java\jdk1.7.0_79\lib;D:\Java\jdk1.7.0_79\lib;D:\Java\jdk1.7.0_79\bin;D:\gradle-2.0\bin;E:\Tomcat\apache-ant-1.9.7\bin;E:\Tomcat\apache-ant-1.9.7\lib;D:\CC_View\dingf-4015_TDM_DOC\EMS_dev_env\5.4.0\server\bin;C:\WINDOWS\system32;C:\WINDOWS;C:\WINDOWS\System32\Wbem;D:\NMS\PLATFORM\NNM5\MySQL5\bin;D:\Program Files\TortoiseSVN\bin;D:\Go\bin;d:\Program Files\Git\cmd;d:\Program Files\IDM Computer Solutions\UltraEdit-32;C:\Program Files\IDM Computer Solutions\UltraEdit-32;d:\Program Files\IDM Computer Solutions\UltraEdit-32;D:\Program Files\eclipse;
USERNAME=dingf-4015
OS=Windows_NT
PROCESSOR_IDENTIFIER=x86 Family 6 Model 42 Stepping 7, GenuineIntel



---------------  S Y S T E M  ---------------

OS: Windows 5.1 Build 2600 (5.1.2600.6293)

CPU:total 2 (2 cores per cpu, 1 threads per core) family 6 model 42 stepping 7, cmov, cx8, fxsr, mmx, sse, sse2, sse3, ssse3, sse4.1, sse4.2, popcnt, clmul, tsc, tscinvbit

Memory: 4k page, physical 3048376k(391688k free), swap 5322100k(631356k free)

vm_info: Java HotSpot(TM) Client VM (25.66-b18) for windows-x86 JRE (1.8.0_66-b18), built on Nov  9 2015 10:58:29 by "java_re" with MS VC++ 10.0 (VS2010)

time: Thu Dec 29 11:39:24 2016
elapsed time: 204 seconds (0d 0h 3m 24s)

